<?xml version="1.0" encoding="UTF-8"?>
<!-- Generated by org.testng.reporters.JUnitReportReporter -->
<testsuite hostname="DESKTOP-KJ5BE7L" failures="0" tests="2" name="Tests.TestVeeDoc_ProfileUpdate" time="76.931" errors="0" timestamp="2022-02-10T03:56:50 PKT" skipped="0">
  <testcase classname="Tests.TestVeeDoc_ProfileUpdate" name="test" time="0.008"/>
  <system-out/>
  <testcase classname="Tests.TestVeeDoc_ProfileUpdate" name="Veedoc_ProfileUpdate" time="76.923"/>
  <system-out/>
</testsuite> <!-- Tests.TestVeeDoc_ProfileUpdate -->
