<?xml version="1.0" encoding="UTF-8"?>
<!-- Generated by org.testng.reporters.JUnitReportReporter -->
<testsuite hostname="Umairs-MacBook-Pro.local" failures="0" tests="1" name="Tests.TestVeedoc_QuickAppointment" time="38.196" errors="0" timestamp="2022-02-24T11:07:27 PKT" skipped="0">
  <testcase classname="Tests.TestVeedoc_QuickAppointment" name="QuickAppointment" time="38.196"/>
</testsuite> <!-- Tests.TestVeedoc_QuickAppointment -->
