<?xml version="1.0" encoding="UTF-8"?>
<!-- Generated by org.testng.reporters.JUnitReportReporter -->
<testsuite hostname="Umairs-MacBook-Pro.local" failures="0" tests="1" name="Tests.TestVeeDoc_Login" time="29.873" errors="0" timestamp="2022-02-21T12:53:54 PKT" skipped="0">
  <testcase classname="Tests.TestVeeDoc_Login" name="Veedoc_Login" time="29.873"/>
</testsuite> <!-- Tests.TestVeeDoc_Login -->
