<?xml version="1.0" encoding="UTF-8"?>
<!-- Generated by org.testng.reporters.JUnitReportReporter -->
<testsuite hostname="Umairs-MacBook-Pro.local" failures="0" tests="2" name="Tests.TestVeeDoc_Login" time="27.775" errors="0" timestamp="2022-02-21T17:39:00 PKT" skipped="0">
  <testcase classname="Tests.TestVeeDoc_Login" name="Veedoc_Navigation" time="6.062"/>
  <testcase classname="Tests.TestVeeDoc_Login" name="Veedoc_Login" time="21.713"/>
</testsuite> <!-- Tests.TestVeeDoc_Login -->
