<?xml version="1.0" encoding="UTF-8"?>
<!-- Generated by org.testng.reporters.JUnitReportReporter -->
<testsuite hostname="Umairs-MacBook-Pro.local" failures="0" tests="1" name="Tests.BaseClass" time="0.004" errors="0" timestamp="2022-02-16T13:08:59 PKT" skipped="0">
  <testcase classname="Tests.BaseClass" name="test" time="0.004"/>
  <system-out/>
</testsuite> <!-- Tests.BaseClass -->
